<?xml version="1.0" encoding="UTF-8"?>
<!-- Generated by org.testng.reporters.JUnitXMLReporter -->
<testsuite ignored="2" hostname="DESKTOP-S7SOFT1" failures="0" tests="1" name="Book" time="11.937" errors="0" timestamp="2022-08-18T12:43:00 IST">
  <testcase classname="com.qa.pagetest.roughtests" name="bookTest" time="0.0">
    <skipped/>
  </testcase> <!-- bookTest -->
  <testcase classname="com.qa.pagetest.roughtests" name="fashionTest" time="0.0">
    <ignored/>
  </testcase> <!-- fashionTest -->
  <testcase classname="com.qa.pagetest.roughtests" name="Test" time="0.0">
    <ignored/>
  </testcase> <!-- Test -->
</testsuite> <!-- Book -->
